<?xml version="1.0" encoding="UTF-8"?>
<testsuite name="com.example.project.TipCalculatorTest" tests="3" skipped="0" failures="0" errors="0" timestamp="2024-09-26T16:22:49" hostname="codespaces-dc7820" time="0.384">
  <properties/>
  <testcase name="testCalculateTip2()" classname="com.example.project.TipCalculatorTest" time="0.267"/>
  <testcase name="testCalculateTip3()" classname="com.example.project.TipCalculatorTest" time="0.052"/>
  <testcase name="testCalculateTip()" classname="com.example.project.TipCalculatorTest" time="0.01"/>
  <system-out><![CDATA[]]></system-out>
  <system-err><![CDATA[]]></system-err>
</testsuite>
